<?xml version="1.0" encoding="UTF-8"?>
<!-- Generated by org.testng.reporters.JUnitXMLReporter -->
<testsuite ignored="0" hostname="Akeem" failures="0" tests="5" name="Chrome" time="18.764" errors="0" timestamp="2023-03-12T22:20:10 CDT">
  <testcase classname="module5.NewTest23" name="openBrowser" time="2.876"/>
  <testcase classname="module5.NewTest23" name="openURL" time="1.916"/>
  <testcase classname="module5.NewTest23" name="registerSignup" time="10.395"/>
  <testcase classname="module5.NewTest23" name="contregis" time="1.692"/>
  <testcase classname="module5.NewTest23" name="closeSignup" time="1.799"/>
</testsuite> <!-- Chrome -->
