<?xml version="1.0" encoding="UTF-8"?>
<!-- Generated by org.testng.reporters.JUnitXMLReporter -->
<testsuite ignored="0" hostname="Akeem" failures="0" tests="5" name="Paramet" time="18.277" errors="0" timestamp="2023-01-03T05:10:14 CST">
  <testcase classname="module5.NewTest22" name="openBrowser" time="1.684"/>
  <testcase classname="module5.NewTest22" name="openURL" time="10.154"/>
  <testcase classname="module5.NewTest22" name="registerSignup" time="1.229"/>
  <testcase classname="module5.NewTest22" name="signup" time="5.146"/>
  <testcase classname="module5.NewTest22" name="closeSignup" time="0.002"/>
</testsuite> <!-- Paramet -->
