<?xml version="1.0" encoding="UTF-8"?>
<!-- Generated by org.testng.reporters.JUnitXMLReporter -->
<testsuite ignored="0" hostname="Akeem" failures="0" tests="5" name="priority" time="30.001" errors="0" timestamp="2023-01-04T07:47:22 CST">
  <testcase classname="module5.NewTest22" name="openBrowser" time="1.825"/>
  <testcase classname="module5.NewTest22" name="openURL" time="21.861"/>
  <testcase classname="module5.NewTest22" name="registerSignup" time="1.178"/>
  <testcase classname="module5.NewTest22" name="signup" time="5.081"/>
  <testcase classname="module5.NewTest22" name="closeSignup" time="0.002"/>
</testsuite> <!-- priority -->
