<?xml version="1.0" encoding="UTF-8"?>
<!-- Generated by org.testng.reporters.JUnitXMLReporter -->
<testsuite ignored="0" hostname="Akeem" failures="0" tests="5" name="priority2" time="41.489" errors="0" timestamp="2023-01-04T07:48:03 CST">
  <testcase classname="module5.NewTest22" name="openBrowser" time="0.799"/>
  <testcase classname="module5.NewTest22" name="openURL" time="34.397"/>
  <testcase classname="module5.NewTest22" name="registerSignup" time="1.209"/>
  <testcase classname="module5.NewTest22" name="signup" time="5.067"/>
  <testcase classname="module5.NewTest22" name="closeSignup" time="0.001"/>
</testsuite> <!-- priority2 -->
