<?xml version="1.0" encoding="UTF-8"?>
<!-- Generated by org.testng.reporters.JUnitXMLReporter -->
<testsuite ignored="0" hostname="Akeem" failures="0" tests="4" name="Default test" time="5.763" errors="0" timestamp="2023-03-12T22:11:05 CDT">
  <testcase classname="module5.confirmsignup" name="OpenBrowser" time="3.222"/>
  <testcase classname="module5.confirmsignup" name="OpenUrl" time="1.244"/>
  <testcase classname="module5.confirmsignup" name="SignUpFill" time="0.965"/>
  <testcase classname="module5.confirmsignup" name="close" time="0.286"/>
</testsuite> <!-- Default test -->
